10 10 7
100 1100 179
1100 2100 182
2100 3100 217
3100 4100 238
4100 5100 215
5100 6100 236
6100 7100 262
7100 8100 252
8100 9100 247
9100 10100 260
10100 11100 268
11100 12100 250
12100 13100 263
13100 14100 276
14100 15100 271
15100 16100 253
16100 17100 266
17100 18100 279
18100 19100 261
19100 20100 274
20100 21100 256
21100 22100 269
22100 23100 269
23100 24100 282
24100 25100 264
25100 26100 264
26100 27100 308
27100 28100 259
28100 29100 259
29100 30100 272
30100 31100 254
31100 32100 285
32100 33100 267
33100 34100 267
34100 35100 311
35100 36100 324
36100 37100 262
37100 38100 306
38100 39100 275
39100 40100 306
40100 41100 288
41100 42100 257
42100 43100 288
43100 44100 270
44100 45100 283
45100 46100 314
46100 47100 283
47100 48100 314
48100 49100 296
49100 50100 296
50100 51100 278
51100 52100 309
52100 53100 340
53100 54100 322
54100 55100 260
55100 56100 322
56100 57100 304
57100 58100 304
58100 59100 273
59100 60100 304
60100 61100 335
61100 62100 317
62100 63100 286
63100 64100 330
64100 65100 299
65100 66100 268
66100 67100 268
67100 68100 312
68100 69100 312
69100 70100 299
70100 71100 312
71100 72100 325
72100 73100 294
73100 74100 294
74100 75100 325
75100 76100 294
76100 77100 351
77100 78100 276
78100 79100 338
79100 80100 307
80100 81100 320
81100 82100 320
82100 83100 320
83100 84100 289
84100 85100 320
85100 86100 302
86100 87100 333
87100 88100 333
88100 89100 302
89100 90100 315
90100 91100 315
91100 92100 333
92100 93100 315
93100 94100 284
94100 95100 328
95100 96100 284
96100 97100 297
97100 98100 297
98100 99100 328
1000 1000 112
